<?xml version="1.0" encoding="UTF-8"?>
<testng-results ignored="0" total="1" passed="1" failed="0" skipped="0">
  <reporter-output>
  </reporter-output>
  <suite started-at="2023-04-21T14:43:48 IST" name="Default suite" finished-at="2023-04-21T14:43:53 IST" duration-ms="4173">
    <groups>
    </groups>
    <test started-at="2023-04-21T14:43:48 IST" name="Default test" finished-at="2023-04-21T14:43:53 IST" duration-ms="4173">
      <class name="Test.ProductTest">
        <test-method is-config="true" signature="setUp()[pri:0, instance:Test.ProductTest@2ea41516]" started-at="2023-04-21T14:43:49 IST" name="setUp" finished-at="2023-04-21T14:43:49 IST" duration-ms="850" status="PASS">
          <reporter-output>
          </reporter-output>
        </test-method> <!-- setUp -->
        <test-method signature="verifyGetReq()[pri:0, instance:Test.ProductTest@2ea41516]" started-at="2023-04-21T14:43:49 IST" name="verifyGetReq" finished-at="2023-04-21T14:43:53 IST" duration-ms="3244" status="PASS">
          <reporter-output>
          </reporter-output>
        </test-method> <!-- verifyGetReq -->
      </class> <!-- Test.ProductTest -->
    </test> <!-- Default test -->
  </suite> <!-- Default suite -->
</testng-results>
